2022-02-01 13:48:13.433992 DEBUG add new airline is about to happen
2022-02-01 13:48:38.011936 DEBUG add new airline is about to happen
2022-02-01 13:49:05.790531 DEBUG add new airline is about to happen
2022-02-01 13:50:18.610611 DEBUG add new airline is about to happen
2022-02-01 13:50:57.131795 DEBUG add new airline is about to happen
2022-02-01 13:50:57.138908 ERROR --FAILED--  [
<id=1 name=Delta country_id=1 user_id=1 >] we already have Airline company with this name
2022-02-01 13:51:33.634918 DEBUG add new airline is about to happen
2022-02-01 13:51:45.971021 DEBUG add new airline is about to happen
2022-02-01 13:52:01.501202 DEBUG add new airline is about to happen
2022-02-01 13:52:01.503245 ERROR --FAILED--  [
<id=1 name=Delta country_id=1 user_id=1 >] we already have Airline company with this name
2022-02-01 13:55:26.540767 DEBUG add new airline is about to happen
2022-02-01 13:55:26.543767 ERROR --FAILED--  [
<id=1 name=Delta country_id=1 user_id=1 >] we already have Airline company with this name
2022-02-01 13:55:46.404570 DEBUG add new airline is about to happen
2022-02-01 13:55:46.407568 ERROR --FAILED--  [
<id=1 name=Delta country_id=1 user_id=1 >] we already have Airline company with this name
2022-02-01 13:56:16.605597 DEBUG add new airline is about to happen
2022-02-01 14:06:55.287924 DEBUG add new airline is about to happen
2022-02-03 16:08:40.554809 DEBUG add new airline is about to happen
2022-02-03 19:33:41.185337 ERROR --FAILED--  we didnt find that user "MorMor
2022-02-03 23:19:12.531230 ERROR --FAILED--  we didnt find that user "Mormor"
2022-02-03 23:20:42.744076 ERROR --FAILED--  we didnt find that user "Mormor"
2022-02-03 23:22:30.763665 ERROR --FAILED--   wrong password for user "MorMor"
2022-02-03 23:24:59.721176 INFO --Sucsses-- the password is match for user "MorMor"
2022-02-03 23:25:43.129001 INFO --Sucsses-- the password is match for user "MorMor"
2022-02-03 23:29:20.094708 INFO --Sucsses-- the password is match for user "MorMor"
2022-02-03 23:29:29.099437 INFO --Sucsses-- the password is match for user "MorMor"
2022-02-03 23:36:30.144768 INFO --Sucsses-- the password is match for user "MorMor"
2022-02-03 23:43:14.008967 INFO --Sucsses-- the password is match for user "MorMor"
2022-02-03 23:43:32.902727 INFO --Sucsses-- the password is match for user "MorMor"
2022-02-03 23:44:20.488175 INFO --Sucsses-- the password is match for user "MorMor"
2022-02-03 23:45:27.709057 INFO --Sucsses-- the password is match for user "MorMor"
2022-02-03 23:49:04.154822 INFO --Sucsses-- the password is match for user "MorMor"
2022-02-03 23:51:10.683017 INFO --Sucsses-- the password is match for user "MorMor"
2022-02-03 23:51:26.971869 INFO --Sucsses-- the password is match for user "MorMor"
2022-02-03 23:51:39.520443 INFO --Sucsses-- the password is match for user "MorMor"
2022-02-03 23:51:57.109954 INFO --Sucsses-- the password is match for user "MorMor"
2022-02-04 00:02:18.438632 INFO --Sucsses-- the password is match for user "MorMor"
2022-02-04 00:02:59.053153 INFO --Sucsses-- the password is match for user "MorMor"
2022-02-04 00:03:19.157659 INFO --Sucsses-- the password is match for user "MorMor"
2022-02-04 00:03:56.172732 INFO --Sucsses-- the password is match for user "MorMor"
2022-02-04 00:04:09.510632 INFO --Sucsses-- the password is match for user "MorMor"
2022-02-04 00:04:38.633841 INFO --Sucsses-- the password is match for user "MorMor"
2022-02-04 00:05:35.256840 INFO --Sucsses-- the password is match for user "MorMor"
2022-02-04 00:06:44.153642 INFO --Sucsses-- the password is match for user "MorMor"
2022-02-04 00:06:59.921115 INFO --Sucsses-- the password is match for user "MorMor"
2022-02-04 00:11:40.954759 INFO --Sucsses-- the password is match for user "MorMor"
2022-02-04 00:11:50.781078 INFO --Sucsses-- the password is match for user "MorMor"
2022-02-04 00:14:13.641904 INFO --Sucsses-- the password is match for user "MorMor"
2022-02-04 00:14:21.673088 INFO --Sucsses-- the password is match for user "MorMor"
2022-02-04 00:15:10.476774 INFO --Sucsses-- the password is match for user "Turkish"
2022-02-04 00:15:10.476774 INFO --Sucsses-- the user "Turkish" transferred to Airline Facade  
2022-02-04 00:16:44.834136 INFO --Sucsses-- the password is match for user "Turkish"
2022-02-04 00:16:44.834136 INFO --Sucsses-- the user "Turkish" transferred to Airline Facade  
2022-02-04 00:19:24.804255 INFO --Sucsses-- the password is match for user "Turkish"
2022-02-04 00:19:24.804255 INFO --Sucsses-- the user "Turkish" transferred to Airline Facade  
2022-02-04 00:19:41.924318 INFO --Sucsses-- the password is match for user "MorMor"
2022-02-04 00:19:41.924318 INFO --Sucsses-- the user "MorMor" transferred to Customer Facade  
2022-02-04 00:20:20.891095 INFO --Sucsses-- the password is match for user "MorMor"
2022-02-04 00:20:20.891095 INFO --Sucsses-- the user "MorMor" transferred to Customer Facade  
2022-02-04 00:20:53.502301 INFO --Sucsses-- the password is match for user "MorMor"
2022-02-04 00:20:53.502301 INFO --Sucsses-- the user "MorMor" transferred to Customer Facade  
2022-02-04 00:21:04.302077 ERROR --FAILED--   wrong password for user "MorMor"
2022-02-04 00:21:14.708575 ERROR --FAILED--  we didnt find that user "Mormor"
2022-02-04 00:26:15.660880 ERROR --FAILED--  we didnt find that user "Mormor"
2022-02-04 00:26:50.094062 INFO --Sucsses-- the password is match for user "Moti"
2022-02-04 00:26:50.094062 INFO --Sucsses-- the user "Moti" transferred to Admin Facade  
2022-02-04 00:29:20.644548 INFO --Sucsses-- the password is match for user "Moti"
2022-02-04 00:29:20.644548 INFO --Sucsses-- the user "Moti" transferred to Admin Facade  
2022-02-04 00:30:00.617353 INFO --Sucsses-- the password is match for user "Moti"
2022-02-04 00:30:00.617353 INFO --Sucsses-- the user "Moti" transferred to Admin Facade  
2022-02-04 00:30:57.235073 INFO --Sucsses-- the password is match for user "Moti"
2022-02-04 00:30:57.236074 INFO --Sucsses-- the user "Moti" transferred to Admin Facade  
2022-02-04 00:43:18.025757 INFO --Sucsses-- the password is match for user "Moti"
2022-02-04 00:43:18.025757 INFO --Sucsses-- the user "Moti" transferred to Admin Facade  
2022-02-04 00:43:28.149908 INFO --Sucsses-- the password is match for user "Moti"
2022-02-04 00:43:28.149908 INFO --Sucsses-- the user "Moti" transferred to Admin Facade  
2022-02-04 00:44:11.816603 INFO --Sucsses-- the password is match for user "Moti"
2022-02-04 00:44:11.816603 INFO --Sucsses-- the user "Moti" transferred to Admin Facade  
2022-02-04 00:48:57.584775 INFO --Sucsses-- the password is match for user "Moti"
2022-02-04 00:48:57.584775 INFO --Sucsses-- the user "Moti" transferred to Admin Facade  
2022-02-04 00:49:11.490940 INFO --Sucsses-- the password is match for user "Moti"
2022-02-04 00:49:11.491940 INFO --Sucsses-- the user "Moti" transferred to Admin Facade  
2022-02-04 00:50:15.566491 INFO --Sucsses-- the password is match for user "Moti"
2022-02-04 00:50:15.566491 INFO --Sucsses-- the user "Moti" transferred to Admin Facade  
2022-02-04 00:54:53.283197 INFO --Sucsses-- the password is match for user "Moti"
2022-02-04 00:54:53.283197 INFO --Sucsses-- the user "Moti" transferred to Admin Facade  
2022-02-04 00:55:30.204811 INFO --Sucsses-- the password is match for user "Moti"
2022-02-04 00:55:30.204811 INFO --Sucsses-- the user "Moti" transferred to Admin Facade  
2022-02-04 00:55:51.760745 INFO --Sucsses-- the password is match for user "Moti"
2022-02-04 00:55:51.760745 INFO --Sucsses-- the user "Moti" transferred to Admin Facade  
2022-02-04 00:56:09.263369 INFO --Sucsses-- the password is match for user "Moti"
2022-02-04 00:56:09.263369 INFO --Sucsses-- the user "Moti" transferred to Admin Facade  
2022-02-04 00:56:24.666962 INFO --Sucsses-- the password is match for user "Moti"
2022-02-04 00:56:24.666962 INFO --Sucsses-- the user "Moti" transferred to Admin Facade  
2022-02-04 00:57:05.886415 INFO --Sucsses-- the password is match for user "Moti"
2022-02-04 00:57:05.886415 INFO --Sucsses-- the user "Moti" transferred to Admin Facade  
2022-02-04 00:58:53.060747 INFO --Sucsses-- the password is match for user "Moti"
2022-02-04 00:58:53.060747 INFO --Sucsses-- the user "Moti" transferred to Admin Facade  
2022-02-04 01:01:18.334937 INFO --Sucsses-- the password is match for user "Moti"
2022-02-04 01:01:18.334937 INFO --Sucsses-- the user "Moti" transferred to Admin Facade  
2022-02-04 01:06:10.281136 INFO --Sucsses-- the password is match for user "Moti"
2022-02-04 01:06:10.281136 INFO --Sucsses-- the user "Moti" transferred to Admin Facade  
2022-02-04 01:08:43.347229 INFO --Sucsses-- the password is match for user "Moti"
2022-02-04 01:08:43.347229 INFO --Sucsses-- the user "Moti" transferred to Admin Facade  
2022-02-04 01:08:56.985917 INFO --Sucsses-- the password is match for user "Moti"
2022-02-04 01:08:56.985917 INFO --Sucsses-- the user "Moti" transferred to Admin Facade  
2022-02-04 01:09:18.689808 INFO --Sucsses-- the password is match for user "Moti"
2022-02-04 01:09:18.689808 INFO --Sucsses-- the user "Moti" transferred to Admin Facade  
2022-02-04 01:10:47.518842 INFO --Sucsses-- the password is match for user "Moti"
2022-02-04 01:10:47.518842 INFO --Sucsses-- the user "Moti" transferred to Admin Facade  
2022-02-04 01:11:32.289429 INFO --Sucsses-- the password is match for user "Moti"
2022-02-04 01:11:32.289429 INFO --Sucsses-- the user "Moti" transferred to Admin Facade  
2022-02-04 01:11:59.639089 INFO --Sucsses-- the password is match for user "Moti"
2022-02-04 01:11:59.639089 INFO --Sucsses-- the user "Moti" transferred to Admin Facade  
2022-02-04 01:12:07.524142 INFO --Sucsses-- the password is match for user "Moti"
2022-02-04 01:12:07.524142 INFO --Sucsses-- the user "Moti" transferred to Admin Facade  
2022-02-04 01:12:27.594292 INFO --Sucsses-- the password is match for user "Moti"
2022-02-04 01:12:27.594292 INFO --Sucsses-- the user "Moti" transferred to Admin Facade  
2022-02-04 01:12:58.714960 INFO --Sucsses-- the password is match for user "Moti"
2022-02-04 01:12:58.714960 INFO --Sucsses-- the user "Moti" transferred to Admin Facade  
2022-02-04 01:13:57.599498 INFO --Sucsses-- the password is match for user "Moti"
2022-02-04 01:13:57.600500 INFO --Sucsses-- the user "Moti" transferred to Admin Facade  
2022-02-04 01:14:34.823650 INFO --Sucsses-- the password is match for user "Moti"
2022-02-04 01:14:34.823650 INFO --Sucsses-- the user "Moti" transferred to Admin Facade  
2022-02-04 01:15:22.715731 INFO --Sucsses-- the password is match for user "Moti"
2022-02-04 01:15:22.715731 INFO --Sucsses-- the user "Moti" transferred to Admin Facade  
2022-02-04 01:17:24.809670 INFO --Sucsses-- the password is match for user "Turkish"
2022-02-04 01:17:24.811670 INFO --Sucsses-- the user "Turkish" transferred to Airline Facade  
2022-02-04 01:18:21.457997 INFO --Sucsses-- the password is match for user "Turkish"
2022-02-04 01:18:21.457997 INFO --Sucsses-- the user "Turkish" transferred to Airline Facade  
2022-02-04 01:18:48.845396 INFO --Sucsses-- the password is match for user "Turkish"
2022-02-04 01:18:48.846397 INFO --Sucsses-- the user "Turkish" transferred to Airline Facade  
2022-02-04 01:19:28.025667 INFO --Sucsses-- the password is match for user "Turkish"
2022-02-04 01:19:28.025667 INFO --Sucsses-- the user "Turkish" transferred to Airline Facade  
2022-02-04 01:19:56.474026 INFO --Sucsses-- the password is match for user "Turkish"
2022-02-04 01:19:56.474026 INFO --Sucsses-- the user "Turkish" transferred to Airline Facade  
2022-02-04 01:20:03.482122 INFO --Sucsses-- the password is match for user "Turkish"
2022-02-04 01:20:03.482122 INFO --Sucsses-- the user "Turkish" transferred to Airline Facade  
2022-02-04 01:20:52.031973 INFO --Sucsses-- the password is match for user "Turkish"
2022-02-04 01:20:52.032973 INFO --Sucsses-- the user "Turkish" transferred to Airline Facade  
2022-02-04 01:22:05.025784 INFO --Sucsses-- the password is match for user "Turkish"
2022-02-04 01:22:05.025784 INFO --Sucsses-- the user "Turkish" transferred to Airline Facade  
2022-02-04 01:22:28.623167 INFO --Sucsses-- the password is match for user "Turkish"
2022-02-04 01:22:28.623167 INFO --Sucsses-- the user "Turkish" transferred to Airline Facade  
2022-02-04 01:22:37.961942 INFO --Sucsses-- the password is match for user "Turkish"
2022-02-04 01:22:37.961942 INFO --Sucsses-- the user "Turkish" transferred to Airline Facade  
2022-02-04 01:24:47.438362 INFO --Sucsses-- the password is match for user "Turkish"
2022-02-04 01:24:47.439363 INFO --Sucsses-- the user "Turkish" transferred to Airline Facade  
2022-02-04 01:27:38.738443 INFO --Sucsses-- the password is match for user "Turkish"
2022-02-04 01:27:38.738443 INFO --Sucsses-- the user "Turkish" transferred to Airline Facade  
2022-02-04 01:41:50.473657 INFO --Sucsses-- the password is match for user "Turkish"
2022-02-04 01:41:50.473657 INFO --Sucsses-- the user "Turkish" transferred to Airline Facade  
2022-02-04 01:42:23.582801 INFO --Sucsses-- the password is match for user "Turkish"
2022-02-04 01:42:23.582801 INFO --Sucsses-- the user "Turkish" transferred to Airline Facade  
2022-02-04 01:42:35.403876 INFO --Sucsses-- the password is match for user "Turkish"
2022-02-04 01:42:35.403876 INFO --Sucsses-- the user "Turkish" transferred to Airline Facade  
2022-02-04 01:43:13.649297 INFO --Sucsses-- the password is match for user "Turkish"
2022-02-04 01:43:13.649297 INFO --Sucsses-- the user "Turkish" transferred to Airline Facade  
2022-02-04 01:43:55.918092 INFO --Sucsses-- the password is match for user "Turkish"
2022-02-04 01:43:55.918092 INFO --Sucsses-- the user "Turkish" transferred to Airline Facade  
2022-02-04 01:44:19.349603 INFO --Sucsses-- the password is match for user "Turkish"
2022-02-04 01:44:19.349603 INFO --Sucsses-- the user "Turkish" transferred to Airline Facade  
2022-02-04 01:44:27.626031 INFO --Sucsses-- the password is match for user "Turkish"
2022-02-04 01:44:27.626031 INFO --Sucsses-- the user "Turkish" transferred to Airline Facade  
2022-02-04 01:44:34.847975 INFO --Sucsses-- the password is match for user "Turkish"
2022-02-04 01:44:34.848975 INFO --Sucsses-- the user "Turkish" transferred to Airline Facade  
2022-02-04 01:44:52.111707 INFO --Sucsses-- the password is match for user "Turkish"
2022-02-04 01:44:52.111707 INFO --Sucsses-- the user "Turkish" transferred to Airline Facade  
2022-02-04 01:47:29.491170 INFO --Sucsses-- the password is match for user "Turkish"
2022-02-04 01:47:29.491170 INFO --Sucsses-- the user "Turkish" transferred to Airline Facade  
2022-02-04 01:47:54.696995 INFO --Sucsses-- the password is match for user "Turkish"
2022-02-04 01:47:54.697995 INFO --Sucsses-- the user "Turkish" transferred to Airline Facade  
2022-02-04 01:48:20.536282 INFO --Sucsses-- the password is match for user "Turkish"
2022-02-04 01:48:20.537281 INFO --Sucsses-- the user "Turkish" transferred to Airline Facade  
2022-02-04 01:49:17.055444 INFO --Sucsses-- the password is match for user "MorMor"
2022-02-04 01:49:17.055444 INFO --Sucsses-- the user "MorMor" transferred to Customer Facade  
2022-02-04 02:16:54.898599 ERROR --FAILED--   The username "[
<id=1 username=MorMor password=123 email=mor.k@gmail.com         user_role=2 >]"  is alrady exist 
2022-02-04 02:17:16.572415 ERROR --FAILED--   The username "MorMor"  is alrady exist 
2022-02-04 02:22:29.744125 ERROR --FAILED--   The email "mor.k@gmail.com"  is alrady exist 
2022-02-04 02:22:55.228343 ERROR --FAILED--   The email "mor.k@gmail.com"  is alrady exist 
2022-02-04 02:23:42.239750 ERROR --FAILED--   The email "mor.k@gmail.com"  is alrady exist 
2022-02-04 02:27:53.656331 INFO --Sucsses-- the user "[]"  was created: email:[], user role:2  
2022-02-04 02:29:39.187363 INFO --Sucsses-- the user "MorMo"  was created successfully, his details: email:mor.ka@gmail.com, user role:2  
2022-02-04 02:38:37.406690 INFO --Sucsses-- the user "MorMo"  was created successfully, his details: email:mor.ka@gmail.com, user role:2  
2022-02-04 02:39:24.054148 INFO --Sucsses-- the user "MorMo"  was created successfully, his details: email:mor.ka@gmail.com, user role:2  
2022-02-04 02:50:37.580250 INFO --Sucsses-- the user "MorMo"  was created successfully, his details: email:mor.ka@gmail.com, user role:2  
2022-02-04 02:51:27.400404 INFO --Sucsses-- the user "MorMo"  was created successfully, his details: email:mor.ka@gmail.com, user role:2  
2022-02-04 02:52:29.411805 INFO --Sucsses-- the user "MorMo"  was created successfully, his details: email:mor.ka@gmail.com, user role:2  
2022-02-04 02:54:07.575692 INFO --Sucsses-- the user "MorMo"  was created successfully, his details: email:mor.ka@gmail.com, user role:2  
2022-02-04 02:54:40.551192 INFO --Sucsses-- the user "MorMo"  was created successfully, his details: email:mor.ka@gmail.com, user role:2  
2022-02-04 02:54:40.552191 ERROR --FAILED--   The username "MorMo"  is alrady exist 
2022-02-04 02:54:59.185265 INFO --Sucsses-- the user "MorMoo"  was created successfully, his details: email:mor.ka@gmail.com, user role:2  
2022-02-04 02:54:59.187227 ERROR --FAILED--   The username "MorMoo"  is alrady exist 
2022-02-04 02:55:34.613532 INFO --Sucsses-- the user "MorMoo"  was created successfully, his details: email:mor.ka@gmail.com, user role:2  
2022-02-04 02:56:45.555634 INFO --Sucsses-- the user "akj"  was created successfully, his details: email:mor.ka@gmail.com, user role:2  
2022-02-04 02:58:33.461682 INFO --Sucsses-- the user "akj"  was created successfully, his details: email:mor.ka@gmail.com, user role:2  
2022-02-04 02:59:34.766982 INFO --Sucsses-- the user "akj"  was created successfully, his details: email:mor.ka@gmail.com, user role:2  
2022-02-04 02:59:55.480504 INFO --Sucsses-- the user "akj"  was created successfully, his details: email:mor.ka@gmail.com, user role:2  
2022-02-04 02:59:55.480504 DEBUG update customer is about to happen
2022-02-04 03:00:07.832533 INFO --Sucsses-- the user "akj"  was created successfully, his details: email:mor.ka@gmail.com, user role:2  
2022-02-04 03:00:07.832533 DEBUG update customer is about to happen
2022-02-04 03:00:41.267937 INFO --Sucsses-- the user "akj"  was created successfully, his details: email:mor.ka@gmail.com, user role:2  
2022-02-04 03:00:41.267937 DEBUG adding customer is about to happen
2022-02-04 03:00:46.617018 INFO --Sucsses-- the user "akj"  was created successfully, his details: email:mor.ka@gmail.com, user role:2  
2022-02-04 03:00:46.617018 DEBUG Adding customer is about to happen
2022-02-04 03:06:37.641028 INFO --Sucsses-- the user "akj"  was created successfully, his details: email:mor.ka@gmail.com, user role:2  
2022-02-04 03:06:37.641028 DEBUG Adding customer is about to happen
2022-02-04 03:08:09.396113 INFO --Sucsses-- the user "akj"  was created successfully, his details: email:mor.ka@gmail.com, user role:2  
2022-02-04 03:08:09.396113 DEBUG Adding customer is about to happen
2022-02-04 03:08:58.479049 INFO --Sucsses-- the user "akj"  was created successfully, his details: email:mor.ka@gmail.com, user role:2  
2022-02-04 03:08:58.480049 DEBUG Adding customer is about to happen
2022-02-04 03:09:41.215761 INFO --Sucsses-- the user "akj"  was created successfully, his details: email:mor.ka@gmail.com, user role:2  
2022-02-04 03:09:41.215761 DEBUG Adding customer is about to happen
2022-02-04 03:10:08.768298 INFO --Sucsses-- the user "akj"  was created successfully, his details: email:mor.ka@gmail.com, user role:2  
2022-02-04 03:10:08.768298 DEBUG Adding customer is about to happen
2022-02-04 03:10:35.393241 INFO --Sucsses-- the user "akj"  was created successfully, his details: email:mor.ka@gmail.com, user role:2  
2022-02-04 03:10:35.393241 DEBUG Adding customer is about to happen
2022-02-04 03:10:44.212489 INFO --Sucsses-- the user "akj"  was created successfully, his details: email:mor.ka@gmail.com, user role:2  
2022-02-04 03:10:44.212489 DEBUG Adding customer is about to happen
2022-02-04 03:10:44.213488 ERROR --FAILED--  None a customer with the same Phone number 0502111201is alredy exists.
2022-02-04 03:11:18.229845 INFO --Sucsses-- the user "akj"  was created successfully, his details: email:mor.ka@gmail.com, user role:2  
2022-02-04 03:11:18.229845 DEBUG Adding customer is about to happen
2022-02-04 03:11:29.958324 INFO --Sucsses-- the user "akj"  was created successfully, his details: email:mor.ka@gmail.com, user role:2  
2022-02-04 03:11:29.958324 DEBUG Adding customer is about to happen
2022-02-04 03:11:29.959329 ERROR --FAILED--  
<id=None first_name=soli last_name=holy address=something         phone_number=0502111201 credit_card_no=3456667 user_id=None> a customer with the same Phone number 0502111201is alredy exists.
2022-02-04 03:12:09.476212 INFO --Sucsses-- the user "akj"  was created successfully, his details: email:mor.ka@gmail.com, user role:2  
2022-02-04 03:12:09.476212 DEBUG Adding customer is about to happen
2022-02-04 03:12:09.478212 ERROR --FAILED--  None a customer with the same Phone number 0502111201is alredy exists.
2022-02-04 03:16:07.077707 INFO --Sucsses-- the user "akj"  was created successfully, his details: email:mor.ka@gmail.com, user role:2  
2022-02-04 03:16:07.077707 DEBUG Adding customer is about to happen
2022-02-04 03:16:07.078706 ERROR --FAILED--  we unable to create the customer for user id  None because there is a customer with the same Phone number 0502111201
2022-02-04 03:16:34.853381 INFO --Sucsses-- the user "akj"  was created successfully, his details: email:mor.ka@gmail.com, user role:2  
2022-02-04 03:16:34.853381 DEBUG Adding customer is about to happen
2022-02-04 03:17:28.908293 INFO --Sucsses-- the user "akj"  was created successfully, his details: email:mor.ka@gmail.com, user role:2  
2022-02-04 03:17:28.908293 DEBUG Adding customer is about to happen
2022-02-04 03:18:07.172372 INFO --Sucsses-- the user "akj"  was created successfully, his details:   user id:11 email:mor.ka@gmail.com, user role:2  
2022-02-04 03:18:07.172372 DEBUG Adding customer is about to happen
2022-02-04 03:20:51.218175 INFO --Sucsses-- the user "akj"  was created successfully, his details:   user id:11 email:mor.ka@gmail.com, user role:2  
2022-02-04 03:20:51.218175 DEBUG Adding customer is about to happen
2022-02-04 03:21:57.700979 INFO --Sucsses-- the user "akj"  was created successfully, his details:   user id:11 email:mor.ka@gmail.com, user role:2  
2022-02-04 03:21:57.700979 DEBUG Adding customer is about to happen
2022-02-04 03:21:57.702979 CRITICAL --FAILED-- We unable to create  the user "akj"
2022-02-04 03:22:35.702573 INFO --Sucsses-- the user "akj"  was created successfully, his details:   user id:11 email:mor.ka@gmail.com, user role:2  
2022-02-04 03:22:35.702573 DEBUG Adding customer is about to happen
2022-02-04 03:23:21.387493 INFO --Sucsses-- the user "akj"  was created successfully, his details:   user id:11 email:mor.ka@gmail.com, user role:2  
2022-02-04 03:23:21.388494 DEBUG Adding customer is about to happen
2022-02-04 03:23:35.167360 INFO --Sucsses-- the user "akj"  was created successfully, his details:   user id:11 email:mor.ka@gmail.com, user role:2  
2022-02-04 03:23:35.167360 DEBUG Adding customer is about to happen
2022-02-04 03:23:58.261837 INFO --Sucsses-- the user "akj"  was created successfully, his details:   user id:11 email:mor.ka@gmail.com, user role:2  
2022-02-04 03:23:58.261837 DEBUG Adding customer is about to happen
2022-02-04 03:24:40.116622 INFO --Sucsses-- the user "akj"  was created successfully, his details:   user id:11 email:mor.ka@gmail.com, user role:2  
2022-02-04 03:24:40.116622 DEBUG Adding customer is about to happen
2022-02-04 03:24:54.940535 INFO --Sucsses-- the user "akj"  was created successfully, his details:   user id:11 email:mor.ka@gmail.com, user role:2  
2022-02-04 03:24:54.940535 DEBUG Adding customer is about to happen
2022-02-04 03:24:54.944535 ERROR --FAILED--  we unable to create the customer for user id  11 because there is a customer with the same Phone number 0502111201
2022-02-04 03:25:09.412593 INFO --Sucsses-- the user "akj"  was created successfully, his details:   user id:11 email:mor.ka@gmail.com, user role:2  
2022-02-04 03:25:09.412593 DEBUG Adding customer is about to happen
2022-02-04 03:25:09.414591 ERROR --FAILED--  we unable to create the customer for user id  11 because there is a customer with the same Phone number 0502111201
2022-02-04 03:32:42.576428 INFO --Sucsses-- the user "akj"  was created successfully, his details:   user id:11 email:mor.ka@gmail.com, user role:2  
2022-02-04 03:32:42.576428 DEBUG Adding customer is about to happen
2022-02-04 03:33:00.871846 INFO --Sucsses-- the user "akj"  was created successfully, his details:   user id:11 email:mor.ka@gmail.com, user role:2  
2022-02-04 03:33:00.871846 DEBUG Adding customer is about to happen
2022-02-04 03:33:34.065380 INFO --Sucsses-- the user "akj"  was created successfully, his details:   user id:11 email:mor.ka@gmail.com, user role:2  
2022-02-04 03:33:34.065380 DEBUG Adding customer is about to happen
2022-02-04 03:34:08.170958 INFO --Sucsses-- the user "akj"  was created successfully, his details:   user id:11 email:mor.ka@gmail.com, user role:2  
2022-02-04 03:34:08.170958 DEBUG Adding customer is about to happen
2022-02-04 03:34:34.506883 INFO --Sucsses-- the user "akj"  was created successfully, his details:   user id:11 email:mor.ka@gmail.com, user role:2  
2022-02-04 03:34:34.506883 DEBUG Adding customer is about to happen
2022-02-04 03:34:34.510885 ERROR --FAILED--  we unable to create the customer for user id  11 because there is a customer with the same credit card number 123456
2022-02-04 03:36:12.762044 INFO --Sucsses-- the user "akj"  was created successfully, his details:   user id:11 email:mor.ka@gmail.com, user role:2  
2022-02-04 03:36:12.762044 DEBUG Adding customer is about to happen
2022-02-04 03:36:12.766044 ERROR --FAILED--  we unable to create the customer for user id  11 because there is a customer with the same credit card number 123456
2022-02-04 03:46:29.572126 INFO --Sucsses-- the user "akj"  was created successfully, his details:   user id:11 email:mor.ka@gmail.com, user role:2  
2022-02-04 03:46:29.573126 DEBUG Adding customer is about to happen
2022-02-04 03:46:29.577125 ERROR --FAILED--  we unable to create the customer for user id  11 because there is a customer with the same credit card number 123456
2022-02-04 03:46:51.310352 INFO --Sucsses-- the user "akj"  was created successfully, his details:   user id:11 email:mor.ka@gmail.com, user role:2  
2022-02-04 03:46:51.310352 DEBUG Adding customer is about to happen
2022-02-04 03:48:31.326942 INFO --Sucsses-- the user "akj"  was created successfully, his details:   user id:11 email:mor.ka@gmail.com, user role:2  
2022-02-04 03:48:31.326942 DEBUG Adding customer is about to happen
2022-02-04 03:49:45.389438 INFO --Sucsses-- the user "akj"  was created successfully, his details:   user id:11 email:mor.ka@gmail.com, user role:2  
2022-02-04 03:49:45.389438 DEBUG Adding customer is about to happen
2022-02-04 03:53:00.187731 INFO --Sucsses-- the user "akj"  was created successfully, his details:   user id:11 email:mor.ka@gmail.com, user role:2  
2022-02-04 03:53:00.187731 DEBUG Adding customer is about to happen
2022-02-04 03:53:00.191737 INFO --Sucsses-- the customer (3, 'soli', 'holy')   was created successfully, his details:   address:something, phone number:0502111202, credit card number:1234567  
